<?xml version="1.0" encoding="UTF-8"?>
<!-- Generated by org.testng.reporters.JUnitReportReporter -->
<testsuite skipped="0" hostname="DESKTOP-73PJK31" name="com.home.TestNGBasics5" tests="1" failures="0" timestamp="2020-07-25T23:50:43 IST" time="0.012" errors="0">
  <testcase name="ExceptionTest" time="0.012" classname="com.home.TestNGBasics5"/>
</testsuite> <!-- com.home.TestNGBasics5 -->
