<?xml version="1.0" encoding="UTF-8"?>
<!-- Generated by org.testng.reporters.JUnitReportReporter -->
<testsuite skipped="0" hostname="DESKTOP-73PJK31" name="com.home.TestNgDataProvider" tests="4" failures="0" timestamp="2020-07-31T23:05:00 IST" time="0.017" errors="0">
  <testcase name="TestRunWithDataFromDiffClass" time="0.002" classname="com.home.TestNgDataProvider"/>
  <testcase name="TestRunWithData" time="0.010" classname="com.home.TestNgDataProvider"/>
  <testcase name="TestRunWithDataFromDiffClass" time="0.003" classname="com.home.TestNgDataProvider"/>
  <testcase name="TestRunWithData" time="0.002" classname="com.home.TestNgDataProvider"/>
</testsuite> <!-- com.home.TestNgDataProvider -->
