<?xml version="1.0" encoding="UTF-8"?>
<!-- Generated by org.testng.reporters.JUnitReportReporter -->
<testsuite skipped="0" hostname="DESKTOP-73PJK31" name="com.home.TestNGBasics3" tests="2" failures="0" timestamp="2020-07-26T22:24:56 IST" time="0.007" errors="0">
  <testcase name="Login" time="0.005" classname="com.home.TestNGBasics3"/>
  <testcase name="CheckHomePage" time="0.002" classname="com.home.TestNGBasics3"/>
</testsuite> <!-- com.home.TestNGBasics3 -->
