<?xml version="1.0" encoding="UTF-8"?>
<!-- Generated by org.testng.reporters.JUnitReportReporter -->
<testsuite skipped="0" hostname="DESKTOP-73PJK31" name="com.home.testNg" tests="3" failures="0" timestamp="2020-07-11T19:20:42 IST" time="0.024" errors="0">
  <testcase name="firstTest" time="0.019" classname="com.home.testNg"/>
  <testcase name="SecondTest" time="0.002" classname="com.home.testNg"/>
  <testcase name="ThirdTest" time="0.003" classname="com.home.testNg"/>
</testsuite> <!-- com.home.testNg -->
