<?xml version="1.0" encoding="UTF-8"?>
<!-- Generated by org.testng.reporters.JUnitReportReporter -->
<testsuite skipped="0" hostname="DESKTOP-73PJK31" name="com.home.TestNGBasics2" tests="4" failures="0" timestamp="2020-07-26T22:24:56 IST" time="0.022" errors="0">
  <testcase name="TestCase1" time="0.013" classname="com.home.TestNGBasics2"/>
  <testcase name="TestCase02" time="0.003" classname="com.home.TestNGBasics2"/>
  <testcase name="TestCase3" time="0.003" classname="com.home.TestNGBasics2"/>
  <testcase name="TestCase4" time="0.003" classname="com.home.TestNGBasics2"/>
</testsuite> <!-- com.home.TestNGBasics2 -->
