<?xml version="1.0" encoding="UTF-8"?>
<!-- Generated by org.testng.reporters.JUnitReportReporter -->
<testsuite skipped="0" hostname="DESKTOP-73PJK31" name="com.home.TestNGBasics" tests="2" failures="0" timestamp="2020-07-25T11:57:04 IST" time="0.006" errors="0">
  <testcase name="TestNo2" time="0.004" classname="com.home.TestNGBasics"/>
  <testcase name="TestNo1" time="0.002" classname="com.home.TestNGBasics"/>
</testsuite> <!-- com.home.TestNGBasics -->
