<?xml version="1.0" encoding="UTF-8"?>
<!-- Generated by org.testng.reporters.JUnitReportReporter -->
<testsuite skipped="0" hostname="DESKTOP-73PJK31" name="com.home.TestNGBasics4" tests="10" failures="0" timestamp="2020-07-26T22:24:06 IST" time="0.011" errors="0">
  <testcase name="TestA" time="0.002" classname="com.home.TestNGBasics4"/>
  <testcase name="TestA" time="0.001" classname="com.home.TestNGBasics4"/>
  <testcase name="TestA" time="0.001" classname="com.home.TestNGBasics4"/>
  <testcase name="TestA" time="0.001" classname="com.home.TestNGBasics4"/>
  <testcase name="TestA" time="0.003" classname="com.home.TestNGBasics4"/>
  <testcase name="TestA" time="0.001" classname="com.home.TestNGBasics4"/>
  <testcase name="TestA" time="0.001" classname="com.home.TestNGBasics4"/>
  <testcase name="TestA" time="0.001" classname="com.home.TestNGBasics4"/>
  <testcase name="TestA" time="0.000" classname="com.home.TestNGBasics4"/>
  <testcase name="TestA" time="0.000" classname="com.home.TestNGBasics4"/>
</testsuite> <!-- com.home.TestNGBasics4 -->
